<?xml version="1.0" encoding="UTF-8"?>
<testng-results ignored="0" total="3" passed="3" failed="0" skipped="0">
  <reporter-output>
    <line>
      <![CDATA[Test case 1 Title Assertion Pass]]>
    </line>
    <line>
      <![CDATA[Test case 2 Login Successfull]]>
    </line>
    <line>
      <![CDATA[Test case 3 Menu Changed]]>
    </line>
  </reporter-output>
  <suite started-at="2025-03-12T11:55:05 IST" name="Suite" finished-at="2025-03-12T11:56:02 IST" duration-ms="57598">
    <groups>
    </groups>
    <test started-at="2025-03-12T11:55:05 IST" name="Test" finished-at="2025-03-12T11:56:02 IST" duration-ms="57598">
      <class name="TestCaseDemo.Test1">
        <test-method is-config="true" signature="open()[pri:0, instance:TestCaseDemo.Test1@436813f3]" started-at="2025-03-12T11:55:05 IST" name="open" finished-at="2025-03-12T11:55:19 IST" duration-ms="13757" status="PASS">
          <reporter-output>
          </reporter-output>
        </test-method> <!-- open -->
        <test-method signature="title(java.lang.String)[pri:1, instance:TestCaseDemo.Test1@436813f3]" started-at="2025-03-12T11:55:19 IST" name="title" data-provider="title" finished-at="2025-03-12T11:55:24 IST" duration-ms="5171" status="PASS">
          <params>
            <param index="0">
              <value>
                <![CDATA[OrangeHRM]]>
              </value>
            </param>
          </params>
          <reporter-output>
            <line>
              <![CDATA[Test case 1 Title Assertion Pass]]>
            </line>
          </reporter-output>
        </test-method> <!-- title -->
        <test-method is-config="true" signature="close()[pri:0, instance:TestCaseDemo.Test1@436813f3]" started-at="2025-03-12T11:55:24 IST" name="close" finished-at="2025-03-12T11:55:24 IST" duration-ms="318" status="PASS">
          <reporter-output>
          </reporter-output>
        </test-method> <!-- close -->
      </class> <!-- TestCaseDemo.Test1 -->
      <class name="TestCaseDemo.Test2">
        <test-method is-config="true" signature="open()[pri:0, instance:TestCaseDemo.Test2@4d5d943d]" started-at="2025-03-12T11:55:25 IST" name="open" finished-at="2025-03-12T11:55:35 IST" duration-ms="10472" status="PASS">
          <reporter-output>
          </reporter-output>
        </test-method> <!-- open -->
        <test-method signature="checkLogin(java.lang.String,java.lang.String,java.lang.String)[pri:0, instance:TestCaseDemo.Test2@4d5d943d]" started-at="2025-03-12T11:55:35 IST" name="checkLogin" data-provider="login" finished-at="2025-03-12T11:55:45 IST" duration-ms="9539" status="PASS">
          <params>
            <param index="0">
              <value>
                <![CDATA[Admin]]>
              </value>
            </param>
            <param index="1">
              <value>
                <![CDATA[admin123]]>
              </value>
            </param>
            <param index="2">
              <value>
                <![CDATA[Dashboard]]>
              </value>
            </param>
          </params>
          <reporter-output>
            <line>
              <![CDATA[Test case 2 Login Successfull]]>
            </line>
          </reporter-output>
        </test-method> <!-- checkLogin -->
        <test-method is-config="true" signature="close()[pri:0, instance:TestCaseDemo.Test2@4d5d943d]" started-at="2025-03-12T11:55:45 IST" name="close" finished-at="2025-03-12T11:55:45 IST" duration-ms="280" status="PASS">
          <reporter-output>
          </reporter-output>
        </test-method> <!-- close -->
      </class> <!-- TestCaseDemo.Test2 -->
      <class name="TestCaseDemo.Test3">
        <test-method is-config="true" signature="open()[pri:0, instance:TestCaseDemo.Test3@368f2016]" started-at="2025-03-12T11:55:45 IST" name="open" finished-at="2025-03-12T11:56:01 IST" duration-ms="15242" status="PASS">
          <reporter-output>
          </reporter-output>
        </test-method> <!-- open -->
        <test-method signature="checkMenu(java.lang.String)[pri:0, instance:TestCaseDemo.Test3@368f2016]" started-at="2025-03-12T11:56:01 IST" name="checkMenu" data-provider="list" finished-at="2025-03-12T11:56:02 IST" duration-ms="1706" status="PASS">
          <params>
            <param index="0">
              <value>
                <![CDATA[Admin]]>
              </value>
            </param>
          </params>
          <reporter-output>
            <line>
              <![CDATA[Test case 3 Menu Changed]]>
            </line>
          </reporter-output>
        </test-method> <!-- checkMenu -->
        <test-method is-config="true" signature="close()[pri:0, instance:TestCaseDemo.Test3@368f2016]" started-at="2025-03-12T11:56:02 IST" name="close" finished-at="2025-03-12T11:56:02 IST" duration-ms="203" status="PASS">
          <reporter-output>
          </reporter-output>
        </test-method> <!-- close -->
      </class> <!-- TestCaseDemo.Test3 -->
    </test> <!-- Test -->
  </suite> <!-- Suite -->
</testng-results>
